2022-04-05T11:44:27+00:00 ERROR Incorrect response from Mailchimp API with: stdClass Object
(
    [code] => mailchimp-error
    [message] => A MailChimp error has occurred.
    [data] => stdClass Object
        (
            [type] => https://mailchimp.com/developer/marketing/docs/errors/
            [title] => Invalid Resource
            [status] => 400
            [detail] => Your merge fields were invalid.
            [instance] => 3a5177c5-3141-cc6c-7154-f6c1a6394b5a
            [errors] => Array
                (
                    [0] => stdClass Object
                        (
                            [field] => ADDRESS
                            [message] => Please enter a complete address
                        )

                )

        )

)

